[debug] [2021-03-09T22:20:49.350Z] ----------------------------------------------------------------------
[debug] [2021-03-09T22:20:49.354Z] Command:       /usr/local/bin/firebase /home/vinny/.cache/firebase/tools/lib/node_modules/firebase-tools/lib/bin/firebase init
[debug] [2021-03-09T22:20:49.355Z] CLI Version:   9.5.0
[debug] [2021-03-09T22:20:49.355Z] Platform:      linux
[debug] [2021-03-09T22:20:49.355Z] Node Version:  v12.18.1
[debug] [2021-03-09T22:20:49.356Z] Time:          Wed Mar 10 2021 01:20:49 GMT+0300 (East Africa Time)
[debug] [2021-03-09T22:20:49.356Z] ----------------------------------------------------------------------
[debug] [2021-03-09T22:20:49.357Z] 
[debug] [2021-03-09T22:20:49.361Z] >>> [apiv2][query] GET https://firebase-public.firebaseio.com/cli.json [none]
[debug] [2021-03-09T22:20:49.379Z] > command requires scopes: ["email","openid","https://www.googleapis.com/auth/cloudplatformprojects.readonly","https://www.googleapis.com/auth/firebase","https://www.googleapis.com/auth/cloud-platform"]
[debug] [2021-03-09T22:20:49.379Z] > authorizing via signed-in user
[info] 
     ######## #### ########  ######## ########     ###     ######  ########
     ##        ##  ##     ## ##       ##     ##  ##   ##  ##       ##
     ######    ##  ########  ######   ########  #########  ######  ######
     ##        ##  ##    ##  ##       ##     ## ##     ##       ## ##
     ##       #### ##     ## ######## ########  ##     ##  ######  ########

You're about to initialize a Firebase project in this directory:

  /home/vinny/React/covid19-tracker

[debug] [2021-03-09T22:20:50.856Z] <<< [apiv2][status] GET https://firebase-public.firebaseio.com/cli.json 200
[debug] [2021-03-09T22:20:50.857Z] <<< [apiv2][body] GET https://firebase-public.firebaseio.com/cli.json {"cloudBuildErrorAfter":1594252800000,"cloudBuildWarnAfter":1590019200000,"defaultNode10After":1594252800000,"minVersion":"3.0.5","node8DeploysDisabledAfter":1613390400000,"node8RuntimeDisabledAfter":1615809600000,"node8WarnAfter":1600128000000}
[info] 
=== Project Setup
[info] 
[info] First, let's associate this project directory with a Firebase project.
[info] You can create multiple project aliases by running firebase use --add, 
[info] but for now we'll just set up a default project.
[info] 
